[25-Jan-2021 11:18:29 Asia/Tokyo] PHP Parse error:  syntax error, unexpected ''grape'' (T_CONSTANT_ENCAPSED_STRING), expecting ']' in /var/www/html/fruit_associative_array.php on line 3
[27-Jan-2021 10:23:20 Asia/Tokyo] PHP Notice:  Undefined offset: 4 in /var/www/html/hello_sweets_for.php on line 16
[27-Jan-2021 10:23:38 Asia/Tokyo] PHP Notice:  Undefined offset: 4 in /var/www/html/hello_sweets_for.php on line 16
[27-Jan-2021 10:23:39 Asia/Tokyo] PHP Notice:  Undefined offset: 4 in /var/www/html/hello_sweets_for.php on line 16
[27-Jan-2021 10:23:46 Asia/Tokyo] PHP Notice:  Undefined offset: 4 in /var/www/html/hello_sweets_for.php on line 16
[27-Jan-2021 10:24:00 Asia/Tokyo] PHP Notice:  Undefined offset: 4 in /var/www/html/hello_sweets_for.php on line 16
[27-Jan-2021 15:23:46 Asia/Tokyo] PHP Parse error:  syntax error, unexpected 'foreach' (T_FOREACH) in /var/www/html/foods_foreach.php on line 12
[01-Feb-2021 09:56:04 Asia/Tokyo] PHP Fatal error:  Allowed memory size of 134217728 bytes exhausted (tried to allocate 65011720 bytes) in /var/www/html/browsers_while.php on line 10
[01-Feb-2021 16:29:41 Asia/Tokyo] PHP Fatal error:  Uncaught Error: Call to undefined function textOutput() in /var/www/html/calc_function.php:5
Stack trace:
#0 /var/www/html/calc_function.php(64): addition(13, 20, true)
#1 {main}
  thrown in /var/www/html/calc_function.php on line 5
[10-Feb-2021 16:52:40 Asia/Tokyo] PHP Parse error:  syntax error, unexpected '<', expecting end of file in /var/www/html/food_class.php on line 3
[10-Feb-2021 16:52:48 Asia/Tokyo] PHP Fatal error:  Uncaught Error: Call to private Food::__construct() from invalid context in /var/www/html/food_class.php:21
Stack trace:
#0 {main}
  thrown in /var/www/html/food_class.php on line 21
[10-Feb-2021 16:53:31 Asia/Tokyo] PHP Fatal error:  Uncaught Error: Call to private Food::__construct() from invalid context in /var/www/html/food_class.php:21
Stack trace:
#0 {main}
  thrown in /var/www/html/food_class.php on line 21
[10-Feb-2021 16:54:45 Asia/Tokyo] PHP Fatal error:  Uncaught Error: Call to private Food::__construct() from invalid context in /var/www/html/food_class.php:21
Stack trace:
#0 {main}
  thrown in /var/www/html/food_class.php on line 21
[10-Feb-2021 16:56:11 Asia/Tokyo] PHP Fatal error:  Uncaught Error: Call to private Food::__construct() from invalid context in /var/www/html/food_class.php:21
Stack trace:
#0 {main}
  thrown in /var/www/html/food_class.php on line 21
[10-Feb-2021 16:56:30 Asia/Tokyo] PHP Fatal error:  Uncaught Error: Call to private Food::__construct() from invalid context in /var/www/html/food_class.php:21
Stack trace:
#0 {main}
  thrown in /var/www/html/food_class.php on line 21
[10-Feb-2021 16:56:35 Asia/Tokyo] PHP Fatal error:  Uncaught Error: Call to private Food::__construct() from invalid context in /var/www/html/food_class.php:21
Stack trace:
#0 {main}
  thrown in /var/www/html/food_class.php on line 21
[10-Feb-2021 17:40:54 Asia/Tokyo] PHP Fatal error:  Uncaught Error: Cannot access private property Food::$name in /var/www/html/food_class.php:22
Stack trace:
#0 {main}
  thrown in /var/www/html/food_class.php on line 22
[22-Feb-2021 13:02:07 Asia/Tokyo] PHP Deprecated:  The each() function is deprecated. This message will be suppressed on further calls in /var/www/html/test.php on line 5
[22-Feb-2021 13:03:06 Asia/Tokyo] PHP Deprecated:  The each() function is deprecated. This message will be suppressed on further calls in /var/www/html/test.php on line 5
[22-Feb-2021 13:03:07 Asia/Tokyo] PHP Deprecated:  The each() function is deprecated. This message will be suppressed on further calls in /var/www/html/test.php on line 5
[26-Mar-2021 13:14:20 Asia/Tokyo] PHP Warning:  require_once(header.php): failed to open stream: No such file or directory in /var/www/html/php-rock-paper-scissors/game.php on line 2
[26-Mar-2021 13:14:20 Asia/Tokyo] PHP Fatal error:  require_once(): Failed opening required 'header.php' (include_path='.:/usr/local/lib/php') in /var/www/html/php-rock-paper-scissors/game.php on line 2
[26-Mar-2021 13:14:41 Asia/Tokyo] PHP Warning:  require_once(parts/navbar.php): failed to open stream: No such file or directory in /var/www/html/php-rock-paper-scissors/game.php on line 4
[26-Mar-2021 13:14:41 Asia/Tokyo] PHP Fatal error:  require_once(): Failed opening required 'parts/navbar.php' (include_path='.:/usr/local/lib/php') in /var/www/html/php-rock-paper-scissors/game.php on line 4
[26-Mar-2021 15:09:42 Asia/Tokyo] PHP Notice:  Undefined index: user_name in /var/www/html/php-rock-paper-scissors/game.php on line 4
[26-Mar-2021 15:09:45 Asia/Tokyo] PHP Notice:  Undefined index: errors in /var/www/html/php-rock-paper-scissors/index.php on line 9
[26-Mar-2021 15:09:48 Asia/Tokyo] PHP Notice:  Undefined index: user_name in /var/www/html/php-rock-paper-scissors/game.php on line 4
[26-Mar-2021 15:09:49 Asia/Tokyo] PHP Notice:  Undefined index: errors in /var/www/html/php-rock-paper-scissors/index.php on line 9
[26-Mar-2021 15:10:08 Asia/Tokyo] PHP Notice:  Undefined index: errors in /var/www/html/php-rock-paper-scissors/index.php on line 9
[26-Mar-2021 15:10:28 Asia/Tokyo] PHP Notice:  Undefined index: errors in /var/www/html/php-rock-paper-scissors/index.php on line 9
[26-Mar-2021 15:10:45 Asia/Tokyo] PHP Notice:  Undefined index: user_name in /var/www/html/php-rock-paper-scissors/game.php on line 4
[26-Mar-2021 15:11:37 Asia/Tokyo] PHP Notice:  Undefined variable: error in /var/www/html/php-rock-paper-scissors/index.php on line 10
[26-Mar-2021 15:11:37 Asia/Tokyo] PHP Warning:  Invalid argument supplied for foreach() in /var/www/html/php-rock-paper-scissors/index.php on line 10
[26-Mar-2021 15:12:11 Asia/Tokyo] PHP Notice:  Undefined variable: error in /var/www/html/php-rock-paper-scissors/index.php on line 11
[26-Mar-2021 15:12:11 Asia/Tokyo] PHP Warning:  Invalid argument supplied for foreach() in /var/www/html/php-rock-paper-scissors/index.php on line 11
[26-Mar-2021 15:12:24 Asia/Tokyo] PHP Notice:  Undefined variable: error in /var/www/html/php-rock-paper-scissors/index.php on line 11
[26-Mar-2021 15:12:24 Asia/Tokyo] PHP Warning:  Invalid argument supplied for foreach() in /var/www/html/php-rock-paper-scissors/index.php on line 11
[26-Mar-2021 15:31:40 Asia/Tokyo] PHP Notice:  Undefined index: user_name in /var/www/html/php-rock-paper-scissors/game.php on line 7
[26-Mar-2021 15:31:51 Asia/Tokyo] PHP Notice:  Undefined index: user_name in /var/www/html/php-rock-paper-scissors/game.php on line 5
[26-Mar-2021 15:31:55 Asia/Tokyo] PHP Notice:  Undefined index: user_name in /var/www/html/php-rock-paper-scissors/game.php on line 5
[26-Mar-2021 15:32:36 Asia/Tokyo] PHP Notice:  Undefined index: user_name in /var/www/html/php-rock-paper-scissors/game.php on line 5
[26-Mar-2021 16:41:24 Asia/Tokyo] PHP Notice:  Undefined variable: winnerFlag in /var/www/html/php-rock-paper-scissors/game.php on line 67
[26-Mar-2021 16:41:24 Asia/Tokyo] PHP Notice:  Undefined variable: winnerFlag in /var/www/html/php-rock-paper-scissors/game.php on line 69
[26-Mar-2021 16:41:24 Asia/Tokyo] PHP Notice:  Undefined variable: winnerFlag in /var/www/html/php-rock-paper-scissors/game.php on line 71
[26-Mar-2021 16:41:24 Asia/Tokyo] PHP Notice:  Undefined variable: computerHandImage in /var/www/html/php-rock-paper-scissors/game.php on line 78
[26-Mar-2021 16:41:24 Asia/Tokyo] PHP Notice:  Undefined variable: userHandImage in /var/www/html/php-rock-paper-scissors/game.php on line 84
[26-Mar-2021 16:41:44 Asia/Tokyo] PHP Notice:  Undefined index:  in /var/www/html/php-rock-paper-scissors/game.php on line 40
[26-Mar-2021 16:41:49 Asia/Tokyo] PHP Notice:  Undefined index:  in /var/www/html/php-rock-paper-scissors/game.php on line 40
[26-Mar-2021 16:41:59 Asia/Tokyo] PHP Notice:  Undefined index:  in /var/www/html/php-rock-paper-scissors/game.php on line 40
[26-Mar-2021 16:42:42 Asia/Tokyo] PHP Notice:  Undefined index:  in /var/www/html/php-rock-paper-scissors/game.php on line 40
[26-Mar-2021 16:42:49 Asia/Tokyo] PHP Notice:  Undefined variable: winnerFlag in /var/www/html/php-rock-paper-scissors/game.php on line 67
[26-Mar-2021 16:42:49 Asia/Tokyo] PHP Notice:  Undefined variable: winnerFlag in /var/www/html/php-rock-paper-scissors/game.php on line 69
[26-Mar-2021 16:42:49 Asia/Tokyo] PHP Notice:  Undefined variable: winnerFlag in /var/www/html/php-rock-paper-scissors/game.php on line 71
[26-Mar-2021 16:42:49 Asia/Tokyo] PHP Notice:  Undefined variable: computerHandImage in /var/www/html/php-rock-paper-scissors/game.php on line 78
[26-Mar-2021 16:42:49 Asia/Tokyo] PHP Notice:  Undefined variable: userHandImage in /var/www/html/php-rock-paper-scissors/game.php on line 84
[26-Mar-2021 16:42:52 Asia/Tokyo] PHP Notice:  Undefined variable: winnerFlag in /var/www/html/php-rock-paper-scissors/game.php on line 67
[26-Mar-2021 16:42:52 Asia/Tokyo] PHP Notice:  Undefined variable: winnerFlag in /var/www/html/php-rock-paper-scissors/game.php on line 69
[26-Mar-2021 16:42:52 Asia/Tokyo] PHP Notice:  Undefined variable: winnerFlag in /var/www/html/php-rock-paper-scissors/game.php on line 71
[26-Mar-2021 16:42:52 Asia/Tokyo] PHP Notice:  Undefined variable: computerHandImage in /var/www/html/php-rock-paper-scissors/game.php on line 78
[26-Mar-2021 16:42:52 Asia/Tokyo] PHP Notice:  Undefined variable: userHandImage in /var/www/html/php-rock-paper-scissors/game.php on line 84
[26-Mar-2021 16:44:31 Asia/Tokyo] PHP Notice:  Undefined variable: userHand in /var/www/html/php-rock-paper-scissors/game.php on line 66
[26-Mar-2021 16:44:40 Asia/Tokyo] PHP Notice:  Undefined variable: userHand in /var/www/html/php-rock-paper-scissors/game.php on line 66
[26-Mar-2021 16:49:41 Asia/Tokyo] PHP Notice:  Undefined index:  in /var/www/html/php-rock-paper-scissors/game.php on line 42
[26-Mar-2021 16:50:10 Asia/Tokyo] PHP Notice:  Undefined index:  in /var/www/html/php-rock-paper-scissors/game.php on line 42
[26-Mar-2021 16:51:22 Asia/Tokyo] PHP Notice:  Undefined index:  in /var/www/html/php-rock-paper-scissors/game.php on line 43
[26-Mar-2021 16:51:25 Asia/Tokyo] PHP Notice:  Undefined index:  in /var/www/html/php-rock-paper-scissors/game.php on line 43
[26-Mar-2021 16:51:36 Asia/Tokyo] PHP Notice:  Undefined index:  in /var/www/html/php-rock-paper-scissors/game.php on line 43
[26-Mar-2021 16:52:03 Asia/Tokyo] PHP Notice:  Undefined index:  in /var/www/html/php-rock-paper-scissors/game.php on line 43
[26-Mar-2021 16:52:06 Asia/Tokyo] PHP Notice:  Undefined index:  in /var/www/html/php-rock-paper-scissors/game.php on line 43
[26-Mar-2021 16:52:10 Asia/Tokyo] PHP Notice:  Undefined index:  in /var/www/html/php-rock-paper-scissors/game.php on line 43
[26-Mar-2021 16:52:52 Asia/Tokyo] PHP Notice:  Undefined index:  in /var/www/html/php-rock-paper-scissors/game.php on line 44
[26-Mar-2021 16:54:00 Asia/Tokyo] PHP Notice:  Undefined index:  in /var/www/html/php-rock-paper-scissors/game.php on line 44
[26-Mar-2021 16:54:01 Asia/Tokyo] PHP Notice:  Undefined index:  in /var/www/html/php-rock-paper-scissors/game.php on line 44
[26-Mar-2021 16:54:12 Asia/Tokyo] PHP Notice:  Undefined index:  in /var/www/html/php-rock-paper-scissors/game.php on line 44
[26-Mar-2021 16:54:52 Asia/Tokyo] PHP Notice:  Undefined index:  in /var/www/html/php-rock-paper-scissors/game.php on line 44
[26-Mar-2021 16:54:54 Asia/Tokyo] PHP Notice:  Undefined index:  in /var/www/html/php-rock-paper-scissors/game.php on line 44
[26-Mar-2021 16:54:56 Asia/Tokyo] PHP Notice:  Undefined index:  in /var/www/html/php-rock-paper-scissors/game.php on line 44
[26-Mar-2021 16:55:06 Asia/Tokyo] PHP Notice:  Undefined index:  in /var/www/html/php-rock-paper-scissors/game.php on line 44
[26-Mar-2021 16:55:33 Asia/Tokyo] PHP Notice:  Undefined index:  in /var/www/html/php-rock-paper-scissors/game.php on line 44
[26-Mar-2021 16:55:34 Asia/Tokyo] PHP Notice:  Undefined index:  in /var/www/html/php-rock-paper-scissors/game.php on line 44
[26-Mar-2021 16:55:35 Asia/Tokyo] PHP Notice:  Undefined index:  in /var/www/html/php-rock-paper-scissors/game.php on line 44
[26-Mar-2021 16:55:39 Asia/Tokyo] PHP Notice:  Undefined index:  in /var/www/html/php-rock-paper-scissors/game.php on line 44
[26-Mar-2021 16:56:10 Asia/Tokyo] PHP Notice:  Undefined index:  in /var/www/html/php-rock-paper-scissors/game.php on line 44
[26-Mar-2021 16:56:12 Asia/Tokyo] PHP Notice:  Undefined index:  in /var/www/html/php-rock-paper-scissors/game.php on line 44
[26-Mar-2021 17:40:12 Asia/Tokyo] PHP Notice:  Undefined variable: _SESSION in /var/www/html/php-rock-paper-scissors/logout.php on line 2
[26-Mar-2021 17:40:12 Asia/Tokyo] PHP Notice:  Undefined variable: _SESSION in /var/www/html/php-rock-paper-scissors/logout.php on line 3
[26-Mar-2021 17:40:12 Asia/Tokyo] PHP Notice:  Undefined variable: _SESSION in /var/www/html/php-rock-paper-scissors/logout.php on line 4
[26-Mar-2021 17:40:14 Asia/Tokyo] PHP Notice:  Undefined variable: _SESSION in /var/www/html/php-rock-paper-scissors/logout.php on line 2
[26-Mar-2021 17:40:14 Asia/Tokyo] PHP Notice:  Undefined variable: _SESSION in /var/www/html/php-rock-paper-scissors/logout.php on line 3
[26-Mar-2021 17:40:14 Asia/Tokyo] PHP Notice:  Undefined variable: _SESSION in /var/www/html/php-rock-paper-scissors/logout.php on line 4
[26-Mar-2021 17:40:14 Asia/Tokyo] PHP Notice:  Undefined variable: _SESSION in /var/www/html/php-rock-paper-scissors/logout.php on line 2
[26-Mar-2021 17:40:14 Asia/Tokyo] PHP Notice:  Undefined variable: _SESSION in /var/www/html/php-rock-paper-scissors/logout.php on line 3
[26-Mar-2021 17:40:14 Asia/Tokyo] PHP Notice:  Undefined variable: _SESSION in /var/www/html/php-rock-paper-scissors/logout.php on line 4
[26-Mar-2021 17:40:16 Asia/Tokyo] PHP Notice:  Undefined variable: _SESSION in /var/www/html/php-rock-paper-scissors/logout.php on line 2
[26-Mar-2021 17:40:16 Asia/Tokyo] PHP Notice:  Undefined variable: _SESSION in /var/www/html/php-rock-paper-scissors/logout.php on line 3
[26-Mar-2021 17:40:16 Asia/Tokyo] PHP Notice:  Undefined variable: _SESSION in /var/www/html/php-rock-paper-scissors/logout.php on line 4
[26-Mar-2021 17:41:18 Asia/Tokyo] PHP Notice:  Undefined variable: _SESSION in /var/www/html/php-rock-paper-scissors/logout.php on line 2
[26-Mar-2021 17:41:18 Asia/Tokyo] PHP Notice:  Undefined variable: _SESSION in /var/www/html/php-rock-paper-scissors/logout.php on line 3
[26-Mar-2021 17:41:18 Asia/Tokyo] PHP Notice:  Undefined variable: _SESSION in /var/www/html/php-rock-paper-scissors/logout.php on line 4
[26-Mar-2021 17:41:21 Asia/Tokyo] PHP Notice:  Undefined variable: _SESSION in /var/www/html/php-rock-paper-scissors/logout.php on line 2
[26-Mar-2021 17:41:21 Asia/Tokyo] PHP Notice:  Undefined variable: _SESSION in /var/www/html/php-rock-paper-scissors/logout.php on line 3
[26-Mar-2021 17:41:21 Asia/Tokyo] PHP Notice:  Undefined variable: _SESSION in /var/www/html/php-rock-paper-scissors/logout.php on line 4
[26-Mar-2021 17:41:23 Asia/Tokyo] PHP Notice:  Undefined variable: _SESSION in /var/www/html/php-rock-paper-scissors/logout.php on line 2
[26-Mar-2021 17:41:23 Asia/Tokyo] PHP Notice:  Undefined variable: _SESSION in /var/www/html/php-rock-paper-scissors/logout.php on line 3
[26-Mar-2021 17:41:23 Asia/Tokyo] PHP Notice:  Undefined variable: _SESSION in /var/www/html/php-rock-paper-scissors/logout.php on line 4
[26-Mar-2021 17:41:27 Asia/Tokyo] PHP Notice:  Undefined variable: _SESSION in /var/www/html/php-rock-paper-scissors/logout.php on line 2
[26-Mar-2021 17:41:27 Asia/Tokyo] PHP Notice:  Undefined variable: _SESSION in /var/www/html/php-rock-paper-scissors/logout.php on line 3
[26-Mar-2021 17:41:27 Asia/Tokyo] PHP Notice:  Undefined variable: _SESSION in /var/www/html/php-rock-paper-scissors/logout.php on line 4
[07-Apr-2021 17:09:06 Asia/Tokyo] PHP Notice:  Undefined index:  in /var/www/html/php-rock-paper-scissors/game.php on line 42
[07-Apr-2021 17:10:24 Asia/Tokyo] PHP Notice:  Undefined index:  in /var/www/html/php-rock-paper-scissors/game.php on line 42
